TN:
SF:controllers/bankController.js
FN:3,BankController
FN:7,deposit
FN:11,withdraw
FNF:3
FNH:3
FNDA:5,BankController
FNDA:3,deposit
FNDA:1,withdraw
DA:1,1
DA:2,1
DA:3,1
DA:4,5
DA:5,5
DA:6,1
DA:7,1
DA:8,3
DA:9,3
DA:10,1
DA:11,1
DA:12,1
DA:13,1
DA:14,1
DA:15,1
DA:16,1
LF:16
LH:16
BRDA:3,0,0,5
BRDA:7,1,0,3
BRDA:11,2,0,1
BRF:3
BRH:3
end_of_record
TN:
SF:models/accountModel.js
FN:2,Account
FN:6,deposit
FN:14,withdraw
FN:26,balance
FNF:4
FNH:4
FNDA:12,Account
FNDA:9,deposit
FNDA:6,withdraw
FNDA:14,balance
DA:1,1
DA:2,1
DA:3,12
DA:4,12
DA:5,1
DA:6,1
DA:7,9
DA:8,9
DA:9,9
DA:10,9
DA:11,9
DA:12,9
DA:13,1
DA:14,1
DA:15,6
DA:16,2
DA:17,2
DA:18,4
DA:19,4
DA:20,4
DA:21,4
DA:22,4
DA:23,4
DA:24,4
DA:25,1
DA:26,1
DA:27,14
DA:28,14
DA:29,1
DA:30,1
DA:31,1
LF:31
LH:31
BRDA:2,0,0,12
BRDA:6,1,0,9
BRDA:14,2,0,6
BRDA:15,3,0,2
BRDA:17,4,0,4
BRDA:26,5,0,14
BRDA:27,6,0,20
BRF:7
BRH:7
end_of_record
