TN:
SF:controllers/bankController.js
FN:3,BankController
FN:7,deposit
FNF:2
FNH:2
FNDA:4,BankController
FNDA:3,deposit
DA:1,1
DA:2,1
DA:3,1
DA:4,4
DA:5,4
DA:6,1
DA:7,1
DA:8,3
DA:9,3
DA:10,1
DA:11,1
DA:12,1
LF:12
LH:12
BRDA:3,0,0,4
BRDA:7,1,0,3
BRF:2
BRH:2
end_of_record
TN:
SF:models/accountModel.js
FN:2,Account
FN:6,deposit
FN:14,withdraw
FN:26,balance
FNF:4
FNH:4
FNDA:11,Account
FNDA:9,deposit
FNDA:5,withdraw
FNDA:13,balance
DA:1,1
DA:2,1
DA:3,11
DA:4,11
DA:5,1
DA:6,1
DA:7,9
DA:8,9
DA:9,9
DA:10,9
DA:11,9
DA:12,9
DA:13,1
DA:14,1
DA:15,5
DA:16,1
DA:17,1
DA:18,4
DA:19,4
DA:20,4
DA:21,4
DA:22,4
DA:23,4
DA:24,4
DA:25,1
DA:26,1
DA:27,13
DA:28,13
DA:29,1
DA:30,1
DA:31,1
LF:31
LH:31
BRDA:2,0,0,11
BRDA:6,1,0,9
BRDA:14,2,0,5
BRDA:15,3,0,1
BRDA:17,4,0,4
BRDA:26,5,0,13
BRDA:27,6,0,20
BRF:7
BRH:7
end_of_record
